  main.cpp
c:\users\georg\source\repos\sfmlapplication\sfmlapplication\main.cpp(26): warning C4244: 'initializing': conversion from 'double' to 'int', possible loss of data
c:\users\georg\source\repos\sfmlapplication\sfmlapplication\main.cpp(27): warning C4244: 'argument': conversion from 'double' to 'float', possible loss of data
c:\users\georg\source\repos\sfmlapplication\sfmlapplication\main.cpp(34): warning C4244: 'argument': conversion from 'int' to 'T', possible loss of data
          with
          [
              T=float
          ]
c:\users\georg\source\repos\sfmlapplication\sfmlapplication\main.cpp(37): warning C4244: 'argument': conversion from 'int' to 'float', possible loss of data
c:\users\georg\source\repos\sfmlapplication\sfmlapplication\main.cpp(51): warning C4244: 'argument': conversion from 'int' to 'float', possible loss of data
c:\users\georg\source\repos\sfmlapplication\sfmlapplication\main.cpp(66): warning C4244: 'argument': conversion from 'int' to 'float', possible loss of data
c:\users\georg\source\repos\sfmlapplication\sfmlapplication\main.cpp(230): warning C4244: '=': conversion from 'double' to 'short', possible loss of data
c:\users\georg\source\repos\sfmlapplication\sfmlapplication\main.cpp(236): warning C4244: '=': conversion from 'double' to 'short', possible loss of data
c:\users\georg\source\repos\sfmlapplication\sfmlapplication\main.cpp(247): warning C4244: '=': conversion from 'double' to 'short', possible loss of data
c:\users\georg\source\repos\sfmlapplication\sfmlapplication\main.cpp(253): warning C4244: '=': conversion from 'double' to 'short', possible loss of data
c:\users\georg\source\repos\sfmlapplication\sfmlapplication\main.cpp(294): warning C4244: 'argument': conversion from 'double' to 'float', possible loss of data
c:\users\georg\source\repos\sfmlapplication\sfmlapplication\main.cpp(295): warning C4244: 'argument': conversion from 'double' to 'float', possible loss of data
c:\users\georg\source\repos\sfmlapplication\sfmlapplication\main.cpp(336): warning C4244: 'argument': conversion from 'double' to 'float', possible loss of data
  Generating code
  2 of 118 functions ( 1.7%) were compiled, the rest were copied from previous compilation.
    0 functions were new in current compilation
    0 functions had inline decision re-evaluated but remain unchanged
  Finished generating code
  SFMLApplication.vcxproj -> C:\Users\georg\source\repos\SFMLApplication\x64\Release\SFMLApplication.exe
